<?xml version="1.0" encoding="UTF-8"?>
<testsuite xmlns:xsi="http://www.w3.org/2001/XMLSchema-instance" xsi:noNamespaceSchemaLocation="https://maven.apache.org/surefire/maven-surefire-plugin/xsd/surefire-test-report-3.0.xsd" version="3.0" name="com.vocabmaster.dao.VocabularyDAOTest" time="1.208" tests="5" errors="0" skipped="0" failures="0">
  <properties>
[...]
</properties>
  <testcase name="testGetByCategory" classname="com.vocabmaster.dao.VocabularyDAOTest" time="0.229">
    <system-out><![CDATA[Running Test 5: Get By Category
[INFO] Deleted word ID: 4
[INFO] Added word: CatWord
]]></system-out>
  </testcase>
  <testcase name="testGetAllVocabulary" classname="com.vocabmaster.dao.VocabularyDAOTest" time="0.013">
    <system-out><![CDATA[Running Test 2: Get All Vocabulary
Current words in DB: 105
]]></system-out>
  </testcase>
  <testcase name="testDeleteVocabulary" classname="com.vocabmaster.dao.VocabularyDAOTest" time="0.052">
    <system-out><![CDATA[Running Test 4: Delete Vocabulary
[INFO] Added word: ToDelete
[INFO] Deleted word ID: 302
]]></system-out>
  </testcase>
  <testcase name="testAddVocabulary" classname="com.vocabmaster.dao.VocabularyDAOTest" time="0.027">
    <system-out><![CDATA[Running Test 1: Add Vocabulary
[INFO] Deleted word ID: 6
[INFO] Added word: TestWord_Add
]]></system-out>
  </testcase>
  <testcase name="testUpdateVocabulary" classname="com.vocabmaster.dao.VocabularyDAOTest" time="0.062">
    <system-out><![CDATA[Running Test 3: Update Vocabulary
[INFO] Deleted word ID: 204
[INFO] Deleted word ID: 7
[INFO] Added word: OldName
[INFO] Updated word ID: 304
]]></system-out>
  </testcase>
</testsuite>